Using pre-set license
Built from '2020.3/staging' branch; Version is '2020.3.32f1 (12f8b0834f07) revision 1243312'; Using compiler version '192528614'; Build Type 'Release'
OS: 'Windows 10  (10.0.19045) 64bit Professional' Language: 'pt' Physical Memory: 16316 MB
BatchMode: 1, IsHumanControllingUs: 0, StartBugReporterOnCrash: 0, Is64bit: 1, IsPro: 0

COMMAND LINE ARGUMENTS:
C:\Program Files\2020.3.32f1\Editor\Unity.exe
-adb2
-batchMode
-noUpm
-name
AssetImportWorker0
-projectPath
C:/Users/Usu치rio/Documents/PUC/Nova pasta/Bandeiras
-logFile
Logs/AssetImportWorker0.log
-srvPort
64463
Successfully changed project path to: C:/Users/Usu치rio/Documents/PUC/Nova pasta/Bandeiras
C:/Users/Usu치rio/Documents/PUC/Nova pasta/Bandeiras
Using Asset Import Pipeline V2.
Refreshing native plugins compatible for Editor in 71.18 ms, found 2 plugins.
Preloading 0 native plugins for Editor in 0.00 ms.
Initialize engine version: 2020.3.32f1 (12f8b0834f07)
[Subsystems] Discovering subsystems at path C:/Program Files/2020.3.32f1/Editor/Data/Resources/UnitySubsystems
[Subsystems] Discovering subsystems at path C:/Users/Usu치rio/Documents/PUC/Nova pasta/Bandeiras/Assets
GfxDevice: creating device client; threaded=0
Direct3D:
    Version:  Direct3D 11.0 [level 11.1]
    Renderer: NVIDIA GeForce GTX 1660 SUPER (ID=0x21c4)
    Vendor:   
    VRAM:     5991 MB
    Driver:   31.0.15.1694
Initialize mono
Mono path[0] = 'C:/Program Files/2020.3.32f1/Editor/Data/Managed'
Mono path[1] = 'C:/Program Files/2020.3.32f1/Editor/Data/MonoBleedingEdge/lib/mono/unityjit'
Mono config path = 'C:/Program Files/2020.3.32f1/Editor/Data/MonoBleedingEdge/etc'
Using monoOptions --debugger-agent=transport=dt_socket,embedding=1,server=y,suspend=n,address=127.0.0.1:56132
Begin MonoManager ReloadAssembly
Registering precompiled unity dll's ...
Register platform support module: C:/Program Files/2020.3.32f1/Editor/Data/PlaybackEngines/WindowsStandaloneSupport/UnityEditor.WindowsStandalone.Extensions.dll
Registered in 0.002140 seconds.
Native extension for WindowsStandalone target not found
Refreshing native plugins compatible for Editor in 63.73 ms, found 2 plugins.
Preloading 0 native plugins for Editor in 0.00 ms.
Mono: successfully reloaded assembly
- Completed reload, in  0.698 seconds
Domain Reload Profiling:
	ReloadAssembly (699ms)
		BeginReloadAssembly (80ms)
			ExecutionOrderSort (0ms)
			DisableScriptedObjects (0ms)
			BackupInstance (0ms)
			ReleaseScriptingObjects (0ms)
			CreateAndSetChildDomain (1ms)
		EndReloadAssembly (534ms)
			LoadAssemblies (76ms)
			RebuildTransferFunctionScriptingTraits (0ms)
			SetupTypeCache (171ms)
			ReleaseScriptCaches (0ms)
			RebuildScriptCaches (32ms)
			SetupLoadedEditorAssemblies (212ms)
				LogAssemblyErrors (0ms)
				InitializePlatformSupportModulesInManaged (5ms)
				SetLoadedEditorAssemblies (0ms)
				RefreshPlugins (64ms)
				BeforeProcessingInitializeOnLoad (19ms)
				ProcessInitializeOnLoadAttributes (93ms)
				ProcessInitializeOnLoadMethodAttributes (30ms)
				AfterProcessingInitializeOnLoad (0ms)
				EditorAssembliesLoaded (0ms)
			ExecutionOrderSort2 (0ms)
			AwakeInstancesAfterBackupRestoration (0ms)
Platform modules already initialized, skipping
Registering precompiled user dll's ...
Registered in 0.004054 seconds.
Begin MonoManager ReloadAssembly
Native extension for WindowsStandalone target not found
Refreshing native plugins compatible for Editor in 59.66 ms, found 2 plugins.
Preloading 0 native plugins for Editor in 0.00 ms.
Mono: successfully reloaded assembly
- Completed reload, in  1.400 seconds
Domain Reload Profiling:
	ReloadAssembly (1401ms)
		BeginReloadAssembly (179ms)
			ExecutionOrderSort (0ms)
			DisableScriptedObjects (5ms)
			BackupInstance (0ms)
			ReleaseScriptingObjects (0ms)
			CreateAndSetChildDomain (21ms)
		EndReloadAssembly (1151ms)
			LoadAssemblies (121ms)
			RebuildTransferFunctionScriptingTraits (0ms)
			SetupTypeCache (338ms)
			ReleaseScriptCaches (1ms)
			RebuildScriptCaches (63ms)
			SetupLoadedEditorAssemblies (404ms)
				LogAssemblyErrors (0ms)
				InitializePlatformSupportModulesInManaged (4ms)
				SetLoadedEditorAssemblies (0ms)
				RefreshPlugins (60ms)
				BeforeProcessingInitializeOnLoad (96ms)
				ProcessInitializeOnLoadAttributes (223ms)
				ProcessInitializeOnLoadMethodAttributes (13ms)
				AfterProcessingInitializeOnLoad (8ms)
				EditorAssembliesLoaded (0ms)
			ExecutionOrderSort2 (0ms)
			AwakeInstancesAfterBackupRestoration (9ms)
Platform modules already initialized, skipping
========================================================================
Worker process is ready to serve import requests
Launched and connected shader compiler UnityShaderCompiler.exe after 0.04 seconds
Refreshing native plugins compatible for Editor in 0.83 ms, found 2 plugins.
Preloading 0 native plugins for Editor in 0.00 ms.
Unloading 2821 Unused Serialized files (Serialized files now loaded: 0)
System memory in use before: 128.4 MB.
System memory in use after: 128.6 MB.

Unloading 17 unused Assets to reduce memory usage. Loaded Objects now: 3261.
Total: 4.128800 ms (FindLiveObjects: 0.248800 ms CreateObjectMapping: 0.070700 ms MarkObjects: 3.688100 ms  DeleteObjects: 0.119900 ms)

AssetImportParameters requested are different than current active one (requested -> active):
  custom:framework-win-MediaFoundation: 216162199b28c13a410421893ffa2e32 -> 
  custom:video-decoder-ogg-theora: a1e56fd34408186e4bbccfd4996cb3dc -> 
  custom:container-muxer-webm: aa71ff27fc2769a1b78a27578f13a17b -> 
  custom:container-demuxer-webm: 4f35f7cbe854078d1ac9338744f61a02 -> 
  custom:container-demuxer-ogg: 62fdf1f143b41e24485cea50d1cbac27 -> 
  custom:video-encoder-webm-vp8: eb34c28f22e8b96e1ab97ce403110664 -> 
  custom:video-decoder-webm-vp8: 9c59270c3fd7afecdb556c50c9e8de78 -> 
  custom:audio-decoder-ogg-vorbis: bf7c407c2cedff20999df2af8eb42d56 -> 
  custom:audio-encoder-webm-vorbis: bf7c407c2cedff20999df2af8eb42d56 -> 
========================================================================
Received Import Request.
  path: Assets/Presets
  artifactKey: Guid(558255460b74ec04fa70b5570e9327bd) Importer(815301076,1909f56bfc062723c751e8b465ee728b)
Start importing Assets/Presets using Guid(558255460b74ec04fa70b5570e9327bd) Importer(815301076,1909f56bfc062723c751e8b465ee728b)  -> (artifact id: 'e1966229f3d7993f283b578bcf544b58') in 0.011967 seconds 
========================================================================
Received Import Request.
  Time since last request: 0.000220 seconds.
  path: Assets/ExampleAssets/Shaders
  artifactKey: Guid(eb6819cbd279a3941a65f1689b2f621e) Importer(815301076,1909f56bfc062723c751e8b465ee728b)
Start importing Assets/ExampleAssets/Shaders using Guid(eb6819cbd279a3941a65f1689b2f621e) Importer(815301076,1909f56bfc062723c751e8b465ee728b)  -> (artifact id: 'e590aefae26cd28906a7fcc67f064dd5') in 0.007934 seconds 
========================================================================
Received Import Request.
  Time since last request: 2.380657 seconds.
  path: Assets/Scripts
  artifactKey: Guid(02a3527b6b33a924e8ec66aa805ea717) Importer(815301076,1909f56bfc062723c751e8b465ee728b)
Start importing Assets/Scripts using Guid(02a3527b6b33a924e8ec66aa805ea717) Importer(815301076,1909f56bfc062723c751e8b465ee728b)  -> (artifact id: 'f0a913a0049096cde5d6a727232f232f') in 0.008966 seconds 
========================================================================
Received Import Request.
  Time since last request: 4.238778 seconds.
  path: Assets/ExampleAssets
  artifactKey: Guid(990f5c2df70993f4987a388ca178996a) Importer(815301076,1909f56bfc062723c751e8b465ee728b)
Start importing Assets/ExampleAssets using Guid(990f5c2df70993f4987a388ca178996a) Importer(815301076,1909f56bfc062723c751e8b465ee728b)  -> (artifact id: 'd5ac45704b3e904ca5b19a6457cc79ac') in 0.008165 seconds 
========================================================================
Received Import Request.
  Time since last request: 1.636954 seconds.
  path: Assets/ExampleAssets/Prefabs
  artifactKey: Guid(5e04804d4b233d04d92ef41852c3f676) Importer(815301076,1909f56bfc062723c751e8b465ee728b)
Start importing Assets/ExampleAssets/Prefabs using Guid(5e04804d4b233d04d92ef41852c3f676) Importer(815301076,1909f56bfc062723c751e8b465ee728b)  -> (artifact id: '768324c56d94b4efa7303716f65df392') in 0.009156 seconds 
========================================================================
Received Import Request.
  Time since last request: 0.042346 seconds.
  path: Assets/ExampleAssets/Prefabs/Construction Light Low.prefab
  artifactKey: Guid(bf0a225a9ff184f2789f3036faaa9150) Importer(815301076,1909f56bfc062723c751e8b465ee728b)
Start importing Assets/ExampleAssets/Prefabs/Construction Light Low.prefab using Guid(bf0a225a9ff184f2789f3036faaa9150) Importer(815301076,1909f56bfc062723c751e8b465ee728b)  -> (artifact id: 'b9f74b3dba46066064816d7e6692d99d') in 1.078328 seconds 
========================================================================
Received Import Request.
  Time since last request: 0.000209 seconds.
  path: Assets/ExampleAssets/Prefabs/Workshop Set.prefab
  artifactKey: Guid(a87f0180d46fd334b9025d0314a0dc70) Importer(815301076,1909f56bfc062723c751e8b465ee728b)
Start importing Assets/ExampleAssets/Prefabs/Workshop Set.prefab using Guid(a87f0180d46fd334b9025d0314a0dc70) Importer(815301076,1909f56bfc062723c751e8b465ee728b)  -> (artifact id: 'bb59fe35b46f6d5fb8977cb67aad7d68') in 1.245848 seconds 
========================================================================
Received Import Request.
  Time since last request: 0.000198 seconds.
  path: Assets/ExampleAssets/Prefabs/Paint Supplies.prefab
  artifactKey: Guid(283e6530a665e4513959d1cd4883682f) Importer(815301076,1909f56bfc062723c751e8b465ee728b)
Start importing Assets/ExampleAssets/Prefabs/Paint Supplies.prefab using Guid(283e6530a665e4513959d1cd4883682f) Importer(815301076,1909f56bfc062723c751e8b465ee728b)  -> (artifact id: '62b5a261c2bfc66e84c83c897bf34b0a') in 1.166599 seconds 
========================================================================
Received Import Request.
  Time since last request: 0.000207 seconds.
  path: Assets/ExampleAssets/Prefabs/Workbench_LOD0.prefab
  artifactKey: Guid(c0adcaeba3022437293536832628fdf8) Importer(815301076,1909f56bfc062723c751e8b465ee728b)
Start importing Assets/ExampleAssets/Prefabs/Workbench_LOD0.prefab using Guid(c0adcaeba3022437293536832628fdf8) Importer(815301076,1909f56bfc062723c751e8b465ee728b)  -> (artifact id: 'b196feb218f52a596f6f84baec0baa31') in 0.084061 seconds 
========================================================================
Received Import Request.
  Time since last request: 0.000205 seconds.
  path: Assets/ExampleAssets/Prefabs/Workbench.prefab
  artifactKey: Guid(8850d132797ff49298ba781e8e1c9bfe) Importer(815301076,1909f56bfc062723c751e8b465ee728b)
Start importing Assets/ExampleAssets/Prefabs/Workbench.prefab using Guid(8850d132797ff49298ba781e8e1c9bfe) Importer(815301076,1909f56bfc062723c751e8b465ee728b)  -> (artifact id: '1dbe68a2deb797bc729746166f43451f') in 0.566454 seconds 
========================================================================
Received Import Request.
  Time since last request: 0.006253 seconds.
  path: Assets/ExampleAssets/Materials/DryWall_Mat.mat
  artifactKey: Guid(a68228c24abfa2f4b8954d7b0148f799) Importer(815301076,1909f56bfc062723c751e8b465ee728b)
Start importing Assets/ExampleAssets/Materials/DryWall_Mat.mat using Guid(a68228c24abfa2f4b8954d7b0148f799) Importer(815301076,1909f56bfc062723c751e8b465ee728b)  -> (artifact id: '6b1d94bab502ca3021b8842519c6e122') in 0.062562 seconds 
========================================================================
Received Import Request.
  Time since last request: 0.000228 seconds.
  path: Assets/ExampleAssets/Materials/Strap_Mat.mat
  artifactKey: Guid(81c1860e7800e5340bf8a54c565ba9ea) Importer(815301076,1909f56bfc062723c751e8b465ee728b)
Start importing Assets/ExampleAssets/Materials/Strap_Mat.mat using Guid(81c1860e7800e5340bf8a54c565ba9ea) Importer(815301076,1909f56bfc062723c751e8b465ee728b)  -> (artifact id: 'a542234631127ea0c107d7d268657760') in 0.022239 seconds 
========================================================================
Received Import Request.
  Time since last request: 0.000269 seconds.
  path: Assets/ExampleAssets/Materials/ConstructionLight_Mat.mat
  artifactKey: Guid(49076442eeb7e054b8e8869f8b40656d) Importer(815301076,1909f56bfc062723c751e8b465ee728b)
Start importing Assets/ExampleAssets/Materials/ConstructionLight_Mat.mat using Guid(49076442eeb7e054b8e8869f8b40656d) Importer(815301076,1909f56bfc062723c751e8b465ee728b)  -> (artifact id: '057c629e9591e646e979d0fd0d9eba29') in 0.023962 seconds 
========================================================================
Received Import Request.
  Time since last request: 0.000248 seconds.
  path: Assets/ExampleAssets/Materials/Plastic_Rough_Mat.mat
  artifactKey: Guid(a5aaee4111611af43b5abbff184fe5fa) Importer(815301076,1909f56bfc062723c751e8b465ee728b)
Start importing Assets/ExampleAssets/Materials/Plastic_Rough_Mat.mat using Guid(a5aaee4111611af43b5abbff184fe5fa) Importer(815301076,1909f56bfc062723c751e8b465ee728b)  -> (artifact id: 'fe4d08b544b44bbbf01fdafd95ff430a') in 0.021385 seconds 
========================================================================
Received Import Request.
  Time since last request: 0.000259 seconds.
  path: Assets/ExampleAssets/Materials/Ground_Mat.mat
  artifactKey: Guid(d92ef32394b5f474385d74b565a7bdd7) Importer(815301076,1909f56bfc062723c751e8b465ee728b)
Start importing Assets/ExampleAssets/Materials/Ground_Mat.mat using Guid(d92ef32394b5f474385d74b565a7bdd7) Importer(815301076,1909f56bfc062723c751e8b465ee728b)  -> (artifact id: '464ecfb875d680da63be4f88529f4394') in 0.022024 seconds 
========================================================================
Received Import Request.
  Time since last request: 0.000239 seconds.
  path: Assets/ExampleAssets/Materials/Metal_Simple_Mat.mat
  artifactKey: Guid(a0427cf339e5891468d5f2b433b2d44a) Importer(815301076,1909f56bfc062723c751e8b465ee728b)
Start importing Assets/ExampleAssets/Materials/Metal_Simple_Mat.mat using Guid(a0427cf339e5891468d5f2b433b2d44a) Importer(815301076,1909f56bfc062723c751e8b465ee728b)  -> (artifact id: 'ed8fef95f5cf1ab691e96a9fc0590164') in 0.020648 seconds 
========================================================================
Received Import Request.
  Time since last request: 0.000239 seconds.
  path: Assets/ExampleAssets/Materials/Plastic_Transparent.mat
  artifactKey: Guid(8a38b7350df9a9c438e568993a00e5c5) Importer(815301076,1909f56bfc062723c751e8b465ee728b)
Start importing Assets/ExampleAssets/Materials/Plastic_Transparent.mat using Guid(8a38b7350df9a9c438e568993a00e5c5) Importer(815301076,1909f56bfc062723c751e8b465ee728b)  -> (artifact id: 'aa88e47cc5ed2495feca365ac46df73c') in 0.018753 seconds 
========================================================================
Received Import Request.
  Time since last request: 0.000282 seconds.
  path: Assets/ExampleAssets/Materials/Jigsaw_Mat.mat
  artifactKey: Guid(801db2d997a562b4ea333aa4593ce0f0) Importer(815301076,1909f56bfc062723c751e8b465ee728b)
Start importing Assets/ExampleAssets/Materials/Jigsaw_Mat.mat using Guid(801db2d997a562b4ea333aa4593ce0f0) Importer(815301076,1909f56bfc062723c751e8b465ee728b)  -> (artifact id: '8c2c3e8b482bfe7692597efc101f542e') in 0.020585 seconds 
========================================================================
Received Import Request.
  Time since last request: 0.000220 seconds.
  path: Assets/ExampleAssets/Materials/Hammer_Mat.mat
  artifactKey: Guid(4efcffd7ae23f1e41943fd914b18da10) Importer(815301076,1909f56bfc062723c751e8b465ee728b)
Start importing Assets/ExampleAssets/Materials/Hammer_Mat.mat using Guid(4efcffd7ae23f1e41943fd914b18da10) Importer(815301076,1909f56bfc062723c751e8b465ee728b)  -> (artifact id: 'e35e9c0d8e130d6ff509af1a613494d7') in 0.023740 seconds 
========================================================================
Received Import Request.
  Time since last request: 0.000237 seconds.
  path: Assets/ExampleAssets/Materials/Plastic_Yellow_Mat.mat
  artifactKey: Guid(bd2d742ee2ce7a740ae0cf992a38be74) Importer(815301076,1909f56bfc062723c751e8b465ee728b)
Start importing Assets/ExampleAssets/Materials/Plastic_Yellow_Mat.mat using Guid(bd2d742ee2ce7a740ae0cf992a38be74) Importer(815301076,1909f56bfc062723c751e8b465ee728b)  -> (artifact id: 'b4a82a5da02497828fc2c902b30e60d5') in 0.018787 seconds 
========================================================================
Received Import Request.
  Time since last request: 0.000228 seconds.
  path: Assets/ExampleAssets/Materials/Plastic_Gray_Mat.mat
  artifactKey: Guid(4dad30bbe2213eb4d8312f7bb6190866) Importer(815301076,1909f56bfc062723c751e8b465ee728b)
Start importing Assets/ExampleAssets/Materials/Plastic_Gray_Mat.mat using Guid(4dad30bbe2213eb4d8312f7bb6190866) Importer(815301076,1909f56bfc062723c751e8b465ee728b)  -> (artifact id: '54ab71af590679b32677dc30ed226a51') in 0.027914 seconds 
========================================================================
Received Import Request.
  Time since last request: 0.000288 seconds.
  path: Assets/ExampleAssets/Materials
  artifactKey: Guid(ffd318dbb37362c4f8d87863d082b2fd) Importer(815301076,1909f56bfc062723c751e8b465ee728b)
Start importing Assets/ExampleAssets/Materials using Guid(ffd318dbb37362c4f8d87863d082b2fd) Importer(815301076,1909f56bfc062723c751e8b465ee728b)  -> (artifact id: '8c827434803c10ce0ff8cbab2830a63c') in 0.008354 seconds 
========================================================================
Received Import Request.
  Time since last request: 0.000291 seconds.
  path: Assets/ExampleAssets/Materials/PaintLabel_Mat.mat
  artifactKey: Guid(3da4aad06945bbf4baf801c2aacbc01e) Importer(815301076,1909f56bfc062723c751e8b465ee728b)
Start importing Assets/ExampleAssets/Materials/PaintLabel_Mat.mat using Guid(3da4aad06945bbf4baf801c2aacbc01e) Importer(815301076,1909f56bfc062723c751e8b465ee728b)  -> (artifact id: '8c36a7279f016c98e6c23d7bc391d33c') in 0.021079 seconds 
========================================================================
Received Import Request.
  Time since last request: 0.000242 seconds.
  path: Assets/ExampleAssets/Prefabs/Props.prefab
  artifactKey: Guid(85dfab9623c67784fa7894de63cd1604) Importer(815301076,1909f56bfc062723c751e8b465ee728b)
Start importing Assets/ExampleAssets/Prefabs/Props.prefab using Guid(85dfab9623c67784fa7894de63cd1604) Importer(815301076,1909f56bfc062723c751e8b465ee728b)  -> (artifact id: '23563b599c648e10e5cef0a87a160110') in 0.080664 seconds 
========================================================================
Received Import Request.
  Time since last request: 0.000239 seconds.
  path: Assets/ExampleAssets/Prefabs/Workbench_LOD1.prefab
  artifactKey: Guid(38d5ecfa2b93c4095b4cc5d4a590e676) Importer(815301076,1909f56bfc062723c751e8b465ee728b)
Start importing Assets/ExampleAssets/Prefabs/Workbench_LOD1.prefab using Guid(38d5ecfa2b93c4095b4cc5d4a590e676) Importer(815301076,1909f56bfc062723c751e8b465ee728b)  -> (artifact id: '9727547acf536eeb6a25b0e190fb1397') in 0.033019 seconds 
========================================================================
Received Import Request.
  Time since last request: 0.000214 seconds.
  path: Assets/ExampleAssets/Materials/LightBulb_Mat.mat
  artifactKey: Guid(ec739259ec61f5d4ba3ed6d34fd802a6) Importer(815301076,1909f56bfc062723c751e8b465ee728b)
Start importing Assets/ExampleAssets/Materials/LightBulb_Mat.mat using Guid(ec739259ec61f5d4ba3ed6d34fd802a6) Importer(815301076,1909f56bfc062723c751e8b465ee728b)  -> (artifact id: '6ed9e64f0d16e62cbd185bf095894f5b') in 0.017454 seconds 
========================================================================
Received Import Request.
  Time since last request: 0.000215 seconds.
  path: Assets/ExampleAssets/Materials/HardHat_Mat.mat
  artifactKey: Guid(e93789f0a5d66df4a81613935579642b) Importer(815301076,1909f56bfc062723c751e8b465ee728b)
Start importing Assets/ExampleAssets/Materials/HardHat_Mat.mat using Guid(e93789f0a5d66df4a81613935579642b) Importer(815301076,1909f56bfc062723c751e8b465ee728b)  -> (artifact id: 'f0451e8e4fc44c0c0ad06b480daab191') in 0.091870 seconds 
========================================================================
Received Import Request.
  Time since last request: 0.022099 seconds.
  path: Assets/ExampleAssets/Materials/Plastic_Black_Mat.mat
  artifactKey: Guid(e745492728544aa488aa0429b6068e71) Importer(815301076,1909f56bfc062723c751e8b465ee728b)
Start importing Assets/ExampleAssets/Materials/Plastic_Black_Mat.mat using Guid(e745492728544aa488aa0429b6068e71) Importer(815301076,1909f56bfc062723c751e8b465ee728b)  -> (artifact id: '9ec41258e50d7b0724bce6a1b02e69ab') in 0.022023 seconds 
========================================================================
Received Import Request.
  Time since last request: 0.000287 seconds.
  path: Assets/ExampleAssets/Materials/DryWallPainted_Mat.mat
  artifactKey: Guid(9b8eadc4de0544646b75ddcc43f8fd06) Importer(815301076,1909f56bfc062723c751e8b465ee728b)
Start importing Assets/ExampleAssets/Materials/DryWallPainted_Mat.mat using Guid(9b8eadc4de0544646b75ddcc43f8fd06) Importer(815301076,1909f56bfc062723c751e8b465ee728b)  -> (artifact id: 'e084f414280b96736064de24338bc225') in 0.027729 seconds 
========================================================================
Received Import Request.
  Time since last request: 0.000259 seconds.
  path: Assets/ExampleAssets/Materials/Plastic_Ridges_Mat.mat
  artifactKey: Guid(c05de7c865075334786e6a47a543af72) Importer(815301076,1909f56bfc062723c751e8b465ee728b)
Start importing Assets/ExampleAssets/Materials/Plastic_Ridges_Mat.mat using Guid(c05de7c865075334786e6a47a543af72) Importer(815301076,1909f56bfc062723c751e8b465ee728b)  -> (artifact id: '867bca899d157f77d37634eafef9f1aa') in 0.019282 seconds 
========================================================================
Received Import Request.
  Time since last request: 0.000214 seconds.
  path: Assets/ExampleAssets/Materials/Metal_Blue_Simple_Mat.mat
  artifactKey: Guid(cd71291c91c8cce499cb663b5db9970e) Importer(815301076,1909f56bfc062723c751e8b465ee728b)
Start importing Assets/ExampleAssets/Materials/Metal_Blue_Simple_Mat.mat using Guid(cd71291c91c8cce499cb663b5db9970e) Importer(815301076,1909f56bfc062723c751e8b465ee728b)  -> (artifact id: '91d0adbd293f6d73553ee1adc198f712') in 0.017838 seconds 
========================================================================
Received Import Request.
  Time since last request: 0.000175 seconds.
  path: Assets/ExampleAssets/Materials/Paint1G_WAnim_Material.mat
  artifactKey: Guid(55c183dc45153be48a45c4e530127fb3) Importer(815301076,1909f56bfc062723c751e8b465ee728b)
Start importing Assets/ExampleAssets/Materials/Paint1G_WAnim_Material.mat using Guid(55c183dc45153be48a45c4e530127fb3) Importer(815301076,1909f56bfc062723c751e8b465ee728b)  -> (artifact id: '7b31a38aa84ec72b691f75649480a6fe') in 0.035846 seconds 
========================================================================
Received Import Request.
  Time since last request: 0.000175 seconds.
  path: Assets/ExampleAssets/Materials/Plastic_White_Mat.mat
  artifactKey: Guid(6cfe423139c361a459da7ed9831d4b1c) Importer(815301076,1909f56bfc062723c751e8b465ee728b)
Start importing Assets/ExampleAssets/Materials/Plastic_White_Mat.mat using Guid(6cfe423139c361a459da7ed9831d4b1c) Importer(815301076,1909f56bfc062723c751e8b465ee728b)  -> (artifact id: '7270cf5fe7035eb4043b23a71cdca86e') in 0.016628 seconds 
========================================================================
Received Import Request.
  Time since last request: 0.000232 seconds.
  path: Assets/ExampleAssets/Materials/Liquid_Mat.mat
  artifactKey: Guid(c532880e607f8c84d8b9bf0c46a522ad) Importer(815301076,1909f56bfc062723c751e8b465ee728b)
Start importing Assets/ExampleAssets/Materials/Liquid_Mat.mat using Guid(c532880e607f8c84d8b9bf0c46a522ad) Importer(815301076,1909f56bfc062723c751e8b465ee728b)  -> (artifact id: '3bf9985e948210718225141c8418d287') in 0.016500 seconds 
========================================================================
Received Import Request.
  Time since last request: 0.000193 seconds.
  path: Assets/ExampleAssets/Materials/OBS_Mat.mat
  artifactKey: Guid(c438e5c679f1be040a135443008e2fce) Importer(815301076,1909f56bfc062723c751e8b465ee728b)
Start importing Assets/ExampleAssets/Materials/OBS_Mat.mat using Guid(c438e5c679f1be040a135443008e2fce) Importer(815301076,1909f56bfc062723c751e8b465ee728b)  -> (artifact id: 'efd04199af43445cb2cc288251b06194') in 0.022556 seconds 
========================================================================
Received Import Request.
  Time since last request: 0.000208 seconds.
  path: Assets/ExampleAssets/Materials/PaintBrush_Mat.mat
  artifactKey: Guid(539165557a9d3744680bb21164bea45e) Importer(815301076,1909f56bfc062723c751e8b465ee728b)
Start importing Assets/ExampleAssets/Materials/PaintBrush_Mat.mat using Guid(539165557a9d3744680bb21164bea45e) Importer(815301076,1909f56bfc062723c751e8b465ee728b)  -> (artifact id: '94f8432233d9ceec849c9f270325d606') in 0.018312 seconds 
========================================================================
Received Import Request.
  Time since last request: 0.000218 seconds.
  path: Assets/ExampleAssets/Materials/Stud_Mat.mat
  artifactKey: Guid(027cb3d3d7dc79d41ad763e01759de07) Importer(815301076,1909f56bfc062723c751e8b465ee728b)
Start importing Assets/ExampleAssets/Materials/Stud_Mat.mat using Guid(027cb3d3d7dc79d41ad763e01759de07) Importer(815301076,1909f56bfc062723c751e8b465ee728b)  -> (artifact id: '2fa2aecd2a25a8d8aaf6cdad1b5a242e') in 0.022291 seconds 
========================================================================
Received Prepare
Registering precompiled user dll's ...
Registered in 0.004012 seconds.
Begin MonoManager ReloadAssembly
Native extension for WindowsStandalone target not found
Refreshing native plugins compatible for Editor in 0.56 ms, found 2 plugins.
Preloading 0 native plugins for Editor in 0.00 ms.
Mono: successfully reloaded assembly
- Completed reload, in  1.216 seconds
Domain Reload Profiling:
	ReloadAssembly (1216ms)
		BeginReloadAssembly (160ms)
			ExecutionOrderSort (0ms)
			DisableScriptedObjects (7ms)
			BackupInstance (0ms)
			ReleaseScriptingObjects (0ms)
			CreateAndSetChildDomain (45ms)
		EndReloadAssembly (985ms)
			LoadAssemblies (121ms)
			RebuildTransferFunctionScriptingTraits (0ms)
			SetupTypeCache (332ms)
			ReleaseScriptCaches (1ms)
			RebuildScriptCaches (45ms)
			SetupLoadedEditorAssemblies (339ms)
				LogAssemblyErrors (0ms)
				InitializePlatformSupportModulesInManaged (6ms)
				SetLoadedEditorAssemblies (1ms)
				RefreshPlugins (1ms)
				BeforeProcessingInitializeOnLoad (95ms)
				ProcessInitializeOnLoadAttributes (218ms)
				ProcessInitializeOnLoadMethodAttributes (11ms)
				AfterProcessingInitializeOnLoad (8ms)
				EditorAssembliesLoaded (0ms)
			ExecutionOrderSort2 (0ms)
			AwakeInstancesAfterBackupRestoration (19ms)
Platform modules already initialized, skipping
Refreshing native plugins compatible for Editor in 0.81 ms, found 2 plugins.
Preloading 0 native plugins for Editor in 0.00 ms.
Unloading 2706 Unused Serialized files (Serialized files now loaded: 0)
System memory in use before: 127.0 MB.
System memory in use after: 127.2 MB.

Unloading 12 unused Assets to reduce memory usage. Loaded Objects now: 3343.
Total: 4.260000 ms (FindLiveObjects: 0.336600 ms CreateObjectMapping: 0.099600 ms MarkObjects: 3.790500 ms  DeleteObjects: 0.032000 ms)

AssetImportParameters requested are different than current active one (requested -> active):
  custom:framework-win-MediaFoundation: 216162199b28c13a410421893ffa2e32 -> 
  custom:video-decoder-ogg-theora: a1e56fd34408186e4bbccfd4996cb3dc -> 
  custom:container-muxer-webm: aa71ff27fc2769a1b78a27578f13a17b -> 
  custom:container-demuxer-webm: 4f35f7cbe854078d1ac9338744f61a02 -> 
  custom:container-demuxer-ogg: 62fdf1f143b41e24485cea50d1cbac27 -> 
  custom:video-encoder-webm-vp8: eb34c28f22e8b96e1ab97ce403110664 -> 
  custom:video-decoder-webm-vp8: 9c59270c3fd7afecdb556c50c9e8de78 -> 
  custom:audio-decoder-ogg-vorbis: bf7c407c2cedff20999df2af8eb42d56 -> 
  custom:audio-encoder-webm-vorbis: bf7c407c2cedff20999df2af8eb42d56 -> 
AssetImportWorkerClient::OnTransportError - code=2 error=End of file
